<?xml version="1.0" encoding="UTF-8"?>
<testsuite classname="behat.features" errors="0" failures="2" name="This feature file is needed to create data that can be used in other test cases." file="D:\ergobaby\functional\features\_prepareData\_CreateTestData.feature" tests="14" time="0.200001">
    <testcase classname="This feature file is needed to create data that can be used in other test cases." name="Users registration to check Login feature, Ex #1" time="0.120001">
        <failure message="Page with key 'register_account' is not found." type="failed"><![CDATA[
exception 'OutOfRangeException' with message 'Page with key 'register_account' is not found.' in D:\ergobaby\functional\vendor\irs\behat-uimap-extension\src\Irs\BehatUimapExtension\PageSource\TafSource.php:105
Stack trace:
#0 D:\ergobaby\functional\vendor\irs\behat-uimap-extension\src\Irs\BehatUimapExtension\Context\UimapContext.php(782): Irs\BehatUimapExtension\PageSource\TafSource->getPageByKey('register_accoun...')
#1 [internal function]: FeatureContext->visit('register_accoun...')
#2 D:\ergobaby\functional\vendor\behat\behat\src\Behat\Behat\Definition\Annotation\Definition.php(155): call_user_func_array(Array, Array)
#3 D:\ergobaby\functional\vendor\behat\behat\src\Behat\Behat\Tester\StepTester.php(157): Behat\Behat\Definition\Annotation\Definition->run(Object(FeatureContext))
#4 D:\ergobaby\functional\vendor\behat\behat\src\Behat\Behat\Tester\StepTester.php(126): Behat\Behat\Tester\StepTester->executeStepDefinition(Object(Behat\Gherkin\Node\ExampleStepNode), Object(Behat\Behat\Definition\Annotation\Given))
#5 D:\ergobaby\functional\vendor\behat\behat\src\Behat\Behat\Tester\StepTester.php(95): Behat\Behat\Tester\StepTester->executeStep(Object(Behat\Gherkin\Node\ExampleStepNode))
#6 D:\ergobaby\functional\vendor\behat\gherkin\src\Behat\Gherkin\Node\AbstractNode.php(42): Behat\Behat\Tester\StepTester->visit(Object(Behat\Gherkin\Node\ExampleStepNode))
#7 D:\ergobaby\functional\vendor\behat\behat\src\Behat\Behat\Tester\ScenarioTester.php(148): Behat\Gherkin\Node\AbstractNode->accept(Object(Behat\Behat\Tester\StepTester))
#8 D:\ergobaby\functional\vendor\behat\behat\src\Behat\Behat\Tester\OutlineTester.php(98): Behat\Behat\Tester\ScenarioTester->visitStep(Object(Behat\Gherkin\Node\StepNode), Object(Behat\Gherkin\Node\OutlineNode), Object(FeatureContext), Array, false)
#9 D:\ergobaby\functional\vendor\behat\behat\src\Behat\Behat\Tester\OutlineTester.php(56): Behat\Behat\Tester\OutlineTester->visitOutlineExample(Object(Behat\Gherkin\Node\OutlineNode), 0, Array)
#10 D:\ergobaby\functional\vendor\behat\gherkin\src\Behat\Gherkin\Node\AbstractNode.php(42): Behat\Behat\Tester\OutlineTester->visit(Object(Behat\Gherkin\Node\OutlineNode))
#11 D:\ergobaby\functional\vendor\behat\behat\src\Behat\Behat\Tester\FeatureTester.php(88): Behat\Gherkin\Node\AbstractNode->accept(Object(Behat\Behat\Tester\OutlineTester))
#12 D:\ergobaby\functional\vendor\behat\gherkin\src\Behat\Gherkin\Node\AbstractNode.php(42): Behat\Behat\Tester\FeatureTester->visit(Object(Behat\Gherkin\Node\FeatureNode))
#13 D:\ergobaby\functional\vendor\behat\behat\src\Behat\Behat\Console\Command\BehatCommand.php(150): Behat\Gherkin\Node\AbstractNode->accept(Object(Behat\Behat\Tester\FeatureTester))
#14 D:\ergobaby\functional\vendor\behat\behat\src\Behat\Behat\Console\Command\BehatCommand.php(128): Behat\Behat\Console\Command\BehatCommand->runFeatures(Object(Behat\Gherkin\Gherkin))
#15 D:\ergobaby\functional\vendor\symfony\console\Symfony\Component\Console\Command\Command.php(242): Behat\Behat\Console\Command\BehatCommand->execute(Object(Symfony\Component\Console\Input\ArgvInput), Object(Symfony\Component\Console\Output\ConsoleOutput))
#16 D:\ergobaby\functional\vendor\symfony\console\Symfony\Component\Console\Application.php(200): Symfony\Component\Console\Command\Command->run(Object(Symfony\Component\Console\Input\ArgvInput), Object(Symfony\Component\Console\Output\ConsoleOutput))
#17 D:\ergobaby\functional\vendor\behat\behat\src\Behat\Behat\Console\BehatApplication.php(68): Symfony\Component\Console\Application->doRun(Object(Symfony\Component\Console\Input\ArgvInput), Object(Symfony\Component\Console\Output\ConsoleOutput))
#18 D:\ergobaby\functional\vendor\symfony\console\Symfony\Component\Console\Application.php(106): Behat\Behat\Console\BehatApplication->doRun(Object(Symfony\Component\Console\Input\ArgvInput), Object(Symfony\Component\Console\Output\ConsoleOutput))
#19 D:\ergobaby\functional\vendor\behat\behat\bin\behat(32): Symfony\Component\Console\Application->run()
#20 {main}
]]></failure>
    </testcase>
    <testcase classname="This feature file is needed to create data that can be used in other test cases." name="Users registration to check Login feature, Ex #2" time="0.050000">
        <failure message="Page with key 'register_account' is not found." type="failed"><![CDATA[
exception 'OutOfRangeException' with message 'Page with key 'register_account' is not found.' in D:\ergobaby\functional\vendor\irs\behat-uimap-extension\src\Irs\BehatUimapExtension\PageSource\TafSource.php:105
Stack trace:
#0 D:\ergobaby\functional\vendor\irs\behat-uimap-extension\src\Irs\BehatUimapExtension\Context\UimapContext.php(782): Irs\BehatUimapExtension\PageSource\TafSource->getPageByKey('register_accoun...')
#1 [internal function]: FeatureContext->visit('register_accoun...')
#2 D:\ergobaby\functional\vendor\behat\behat\src\Behat\Behat\Definition\Annotation\Definition.php(155): call_user_func_array(Array, Array)
#3 D:\ergobaby\functional\vendor\behat\behat\src\Behat\Behat\Tester\StepTester.php(157): Behat\Behat\Definition\Annotation\Definition->run(Object(FeatureContext))
#4 D:\ergobaby\functional\vendor\behat\behat\src\Behat\Behat\Tester\StepTester.php(126): Behat\Behat\Tester\StepTester->executeStepDefinition(Object(Behat\Gherkin\Node\ExampleStepNode), Object(Behat\Behat\Definition\Annotation\Given))
#5 D:\ergobaby\functional\vendor\behat\behat\src\Behat\Behat\Tester\StepTester.php(95): Behat\Behat\Tester\StepTester->executeStep(Object(Behat\Gherkin\Node\ExampleStepNode))
#6 D:\ergobaby\functional\vendor\behat\gherkin\src\Behat\Gherkin\Node\AbstractNode.php(42): Behat\Behat\Tester\StepTester->visit(Object(Behat\Gherkin\Node\ExampleStepNode))
#7 D:\ergobaby\functional\vendor\behat\behat\src\Behat\Behat\Tester\ScenarioTester.php(148): Behat\Gherkin\Node\AbstractNode->accept(Object(Behat\Behat\Tester\StepTester))
#8 D:\ergobaby\functional\vendor\behat\behat\src\Behat\Behat\Tester\OutlineTester.php(98): Behat\Behat\Tester\ScenarioTester->visitStep(Object(Behat\Gherkin\Node\StepNode), Object(Behat\Gherkin\Node\OutlineNode), Object(FeatureContext), Array, false)
#9 D:\ergobaby\functional\vendor\behat\behat\src\Behat\Behat\Tester\OutlineTester.php(56): Behat\Behat\Tester\OutlineTester->visitOutlineExample(Object(Behat\Gherkin\Node\OutlineNode), 1, Array)
#10 D:\ergobaby\functional\vendor\behat\gherkin\src\Behat\Gherkin\Node\AbstractNode.php(42): Behat\Behat\Tester\OutlineTester->visit(Object(Behat\Gherkin\Node\OutlineNode))
#11 D:\ergobaby\functional\vendor\behat\behat\src\Behat\Behat\Tester\FeatureTester.php(88): Behat\Gherkin\Node\AbstractNode->accept(Object(Behat\Behat\Tester\OutlineTester))
#12 D:\ergobaby\functional\vendor\behat\gherkin\src\Behat\Gherkin\Node\AbstractNode.php(42): Behat\Behat\Tester\FeatureTester->visit(Object(Behat\Gherkin\Node\FeatureNode))
#13 D:\ergobaby\functional\vendor\behat\behat\src\Behat\Behat\Console\Command\BehatCommand.php(150): Behat\Gherkin\Node\AbstractNode->accept(Object(Behat\Behat\Tester\FeatureTester))
#14 D:\ergobaby\functional\vendor\behat\behat\src\Behat\Behat\Console\Command\BehatCommand.php(128): Behat\Behat\Console\Command\BehatCommand->runFeatures(Object(Behat\Gherkin\Gherkin))
#15 D:\ergobaby\functional\vendor\symfony\console\Symfony\Component\Console\Command\Command.php(242): Behat\Behat\Console\Command\BehatCommand->execute(Object(Symfony\Component\Console\Input\ArgvInput), Object(Symfony\Component\Console\Output\ConsoleOutput))
#16 D:\ergobaby\functional\vendor\symfony\console\Symfony\Component\Console\Application.php(200): Symfony\Component\Console\Command\Command->run(Object(Symfony\Component\Console\Input\ArgvInput), Object(Symfony\Component\Console\Output\ConsoleOutput))
#17 D:\ergobaby\functional\vendor\behat\behat\src\Behat\Behat\Console\BehatApplication.php(68): Symfony\Component\Console\Application->doRun(Object(Symfony\Component\Console\Input\ArgvInput), Object(Symfony\Component\Console\Output\ConsoleOutput))
#18 D:\ergobaby\functional\vendor\symfony\console\Symfony\Component\Console\Application.php(106): Behat\Behat\Console\BehatApplication->doRun(Object(Symfony\Component\Console\Input\ArgvInput), Object(Symfony\Component\Console\Output\ConsoleOutput))
#19 D:\ergobaby\functional\vendor\behat\behat\bin\behat(32): Symfony\Component\Console\Application->run()
#20 {main}
]]></failure>
    </testcase>
</testsuite>
